<?xml version="1.0" encoding="UTF-8"?>
<testsuite xmlns:xsi="http://www.w3.org/2001/XMLSchema-instance" xsi:noNamespaceSchemaLocation="https://maven.apache.org/surefire/maven-surefire-plugin/xsd/surefire-test-report.xsd" name="runner.TestLeaftRunner" time="21.225" tests="12" errors="0" skipped="0" failures="0">
  <properties>
[...]
</properties>
  <testcase name="test edit button" classname="TestLeaf buttons functionality" time="3.928"/>
  <testcase name="test button button" classname="TestLeaf buttons functionality" time="1.456"/>
  <testcase name="test hyperlink button" classname="TestLeaf buttons functionality" time="0.705"/>
  <testcase name="test Image button" classname="TestLeaf buttons functionality" time="1.664"/>
  <testcase name="test DropDown button" classname="TestLeaf buttons functionality" time="0.749"/>
  <testcase name="test Rudio button" classname="TestLeaf buttons functionality" time="0.425"/>
  <testcase name="test Check Boxes" classname="TestLeaf buttons functionality" time="0.838"/>
  <testcase name="test Table button" classname="TestLeaf buttons functionality" time="0.355"/>
  <testcase name="test Alert button" classname="TestLeaf buttons functionality" time="0.553"/>
  <testcase name="test Frame button #1" classname="TestLeaf buttons functionality" time="0.692"/>
  <testcase name="test Frame button #2" classname="TestLeaf buttons functionality" time="8.429"/>
  <testcase name="test calendar button" classname="TestLeaf buttons functionality" time="0.685"/>
</testsuite>